<?xml version="1.0" encoding="UTF-8"?>
<!-- Generated by org.testng.reporters.JUnitReportReporter -->
<testsuite hostname="sohampa-GIFT" failures="0" tests="1" name="sanity.homepage.SanityLoginAndHomePageTest" time="23.575" errors="0" timestamp="2022-08-19T13:25:11 IST" skipped="0">
  <testcase classname="sanity.homepage.SanityLoginAndHomePageTest" name="testAssetsPageTitle" time="23.575"/>
  <system-out/>
</testsuite> <!-- sanity.homepage.SanityLoginAndHomePageTest -->
