<?xml version="1.0" encoding="UTF-8"?>
<!-- Generated by org.testng.reporters.JUnitReportReporter -->
<testsuite hostname="sohampa-GIFT" failures="0" tests="1" name="sanity.module2.SanityModule2Test" time="31.456" errors="0" timestamp="2022-08-08T17:25:52 IST" skipped="0">
  <testcase classname="sanity.module2.SanityModule2Test" name="testModulesPageTitle" time="31.456"/>
  <system-out/>
</testsuite> <!-- sanity.module2.SanityModule2Test -->
