<?xml version="1.0" encoding="UTF-8"?>
<!-- Generated by org.testng.reporters.JUnitReportReporter -->
<testsuite hostname="sohampa-GIFT" failures="0" tests="1" name="regression.assetimport.RegressionAssetImportTest" time="39.441" errors="0" timestamp="2023-06-30T16:32:48 IST" skipped="0">
  <testcase classname="regression.assetimport.RegressionAssetImportTest" name="testImportAsset" time="39.441"/>
  <system-out/>
</testsuite> <!-- regression.assetimport.RegressionAssetImportTest -->
