<?xml version="1.0" encoding="UTF-8"?>
<!-- Generated by org.testng.reporters.JUnitReportReporter -->
<testsuite hostname="KRISH117" failures="0" tests="1" name="sanity.onitsuka.SanityOnitsukaLoginAndNavigationTest" time="16.779" errors="0" timestamp="2024-03-13T15:21:20 IST" skipped="0">
  <testcase classname="sanity.onitsuka.SanityOnitsukaLoginAndNavigationTest" name="testOnitSukaMenCategoryNavigation" time="16.779"/>
  <system-out/>
</testsuite> <!-- sanity.onitsuka.SanityOnitsukaLoginAndNavigationTest -->
