<?xml version="1.0" encoding="UTF-8"?>
<!-- Generated by org.testng.reporters.JUnitReportReporter -->
<testsuite hostname="KRISH117" failures="0" tests="1" name="sanity.onitsuka.SanityOnitsukaLoginAndNavigationTest" time="17.880" errors="0" timestamp="2024-03-13T13:24:42 IST" skipped="0">
  <testcase classname="sanity.onitsuka.SanityOnitsukaLoginAndNavigationTest" name="testOnitSukaMenCategoryNavigation" time="17.880"/>
  <system-out/>
</testsuite> <!-- sanity.onitsuka.SanityOnitsukaLoginAndNavigationTest -->
